<?xml version="1.0" encoding="UTF-8"?>
<testng-results ignored="0" total="1" passed="1" failed="0" skipped="0">
  <reporter-output>
  </reporter-output>
  <suite started-at="2022-01-06T22:42:19 CST" name="Test Suite" finished-at="2022-01-06T22:42:38 CST" duration-ms="18480">
    <groups>
      <group name="cucumber">
        <method signature="AbstractTestNGCucumberTests.runScenario(io.cucumber.testng.PickleWrapper, io.cucumber.testng.FeatureWrapper)[pri:0, instance:com.demo.TestRunner@2aa5fe93]" name="runScenario" class="io.cucumber.testng.AbstractTestNGCucumberTests"/>
      </group> <!-- cucumber -->
    </groups>
    <test started-at="2022-01-06T22:42:19 CST" name="Sample Test" finished-at="2022-01-06T22:42:38 CST" duration-ms="18480">
      <class name="com.demo.TestRunner">
        <test-method is-config="true" signature="setUpClass()[pri:0, instance:com.demo.TestRunner@2aa5fe93]" started-at="2022-01-06T22:42:19 CST" name="setUpClass" finished-at="2022-01-06T22:42:20 CST" duration-ms="621" status="PASS">
          <reporter-output>
          </reporter-output>
        </test-method> <!-- setUpClass -->
        <test-method signature="runScenario(io.cucumber.testng.PickleWrapper, io.cucumber.testng.FeatureWrapper)[pri:0, instance:com.demo.TestRunner@2aa5fe93]" started-at="2022-01-06T22:42:20 CST" name="runScenario" description="Runs Cucumber Scenarios" data-provider="scenarios" finished-at="2022-01-06T22:42:38 CST" duration-ms="17536" status="PASS">
          <params>
            <param index="0">
              <value>
                <![CDATA["Verify Add to cart button"]]>
              </value>
            </param>
            <param index="1">
              <value>
                <![CDATA["Optional[Newspapers.com Login Validation]"]]>
              </value>
            </param>
          </params>
          <reporter-output>
          </reporter-output>
        </test-method> <!-- runScenario -->
        <test-method is-config="true" signature="tearDownClass()[pri:0, instance:com.demo.TestRunner@2aa5fe93]" started-at="2022-01-06T22:42:38 CST" name="tearDownClass" finished-at="2022-01-06T22:42:38 CST" duration-ms="298" status="PASS">
          <reporter-output>
          </reporter-output>
        </test-method> <!-- tearDownClass -->
      </class> <!-- com.demo.TestRunner -->
    </test> <!-- Sample Test -->
  </suite> <!-- Test Suite -->
</testng-results>
